2026-01-04 02:56:25.606 [main] INFO  testCases.AccountRegistrationPage - Click on MyAccount Link...
2026-01-04 02:56:26.629 [main] INFO  testCases.AccountRegistrationPage - Clicked on register Link..
2026-01-04 02:56:26.643 [main] INFO  testCases.AccountRegistrationPage - Providing Customer Details..
2026-01-04 02:56:30.350 [main] INFO  testCases.AccountRegistrationPage - Validating expected message...
2026-01-04 02:56:30.443 [main] INFO  testCases.AccountRegistrationPage - ****** Finished TC01_AccountRegistrationTest******
2026-01-04 02:59:58.426 [main] INFO  testCases.AccountRegistrationPage - Click on MyAccount Link...
2026-01-04 03:00:01.291 [main] INFO  testCases.AccountRegistrationPage - Clicked on register Link..
2026-01-04 03:00:01.422 [main] INFO  testCases.AccountRegistrationPage - Providing Customer Details..
2026-01-04 03:00:09.391 [main] INFO  testCases.AccountRegistrationPage - Validating expected message...
2026-01-04 03:00:10.524 [main] INFO  testCases.AccountRegistrationPage - ****** Finished TC01_AccountRegistrationTest******
2026-01-04 03:04:45.879 [main] INFO  testCases.AccountRegistrationPage - Click on MyAccount Link...
2026-01-04 03:04:47.456 [main] INFO  testCases.AccountRegistrationPage - Clicked on register Link..
2026-01-04 03:04:47.471 [main] INFO  testCases.AccountRegistrationPage - Providing Customer Details..
2026-01-04 03:04:51.276 [main] INFO  testCases.AccountRegistrationPage - Validating expected message...
2026-01-04 03:04:51.381 [main] INFO  testCases.AccountRegistrationPage - ****** Finished TC01_AccountRegistrationTest******
2026-01-04 03:04:56.999 [main] INFO  testCases.AccountLogin - *********** Startign TC02_002_LoginTest ************
2026-01-04 03:05:09.384 [main] INFO  testCases.AccountLogin - ********** Finished TC_0002 LoginTest **********
2026-01-04 03:06:38.732 [main] INFO  testCases.AccountRegistrationPage - Click on MyAccount Link...
2026-01-04 03:06:39.887 [main] INFO  testCases.AccountRegistrationPage - Clicked on register Link..
2026-01-04 03:06:39.915 [main] INFO  testCases.AccountRegistrationPage - Providing Customer Details..
2026-01-04 03:06:44.074 [main] INFO  testCases.AccountRegistrationPage - Validating expected message...
2026-01-04 03:06:44.460 [main] ERROR testCases.AccountRegistrationPage - Test failed...
2026-01-04 03:06:56.998 [main] INFO  testCases.AccountLogin - *********** Startign TC02_002_LoginTest ************
2026-01-04 03:07:00.660 [main] INFO  testCases.AccountLogin - ********** Finished TC_0002 LoginTest **********
2026-01-04 03:10:12.575 [main] INFO  testCases.AccountRegistrationPage - Click on MyAccount Link...
2026-01-04 03:10:13.931 [main] INFO  testCases.AccountRegistrationPage - Clicked on register Link..
2026-01-04 03:10:14.002 [main] INFO  testCases.AccountRegistrationPage - Providing Customer Details..
2026-01-04 03:10:18.999 [main] INFO  testCases.AccountRegistrationPage - Validating expected message...
2026-01-04 03:10:19.077 [main] INFO  testCases.AccountRegistrationPage - ****** Finished TC01_AccountRegistrationTest******
2026-01-04 03:14:27.351 [TestNG-tests-2] INFO  testCases.AccountRegistrationPage - Click on MyAccount Link...
2026-01-04 03:14:29.030 [TestNG-tests-1] INFO  testCases.AccountRegistrationPage - Click on MyAccount Link...
2026-01-04 03:14:30.597 [TestNG-tests-1] INFO  testCases.AccountRegistrationPage - Clicked on register Link..
2026-01-04 03:14:30.843 [TestNG-tests-1] INFO  testCases.AccountRegistrationPage - Providing Customer Details..
2026-01-04 03:14:32.983 [TestNG-tests-2] INFO  testCases.AccountRegistrationPage - Clicked on register Link..
2026-01-04 03:14:32.985 [TestNG-tests-2] INFO  testCases.AccountRegistrationPage - Providing Customer Details..
2026-01-04 03:14:48.685 [TestNG-tests-1] INFO  testCases.AccountRegistrationPage - Validating expected message...
2026-01-04 03:14:58.870 [TestNG-tests-1] ERROR testCases.AccountRegistrationPage - Test failed...
2026-01-04 03:14:59.210 [TestNG-tests-2] INFO  testCases.AccountRegistrationPage - Validating expected message...
2026-01-04 03:15:09.480 [TestNG-tests-2] ERROR testCases.AccountRegistrationPage - Test failed...
2026-01-04 03:15:34.538 [TestNG-tests-3] INFO  testCases.AccountRegistrationPage - Click on MyAccount Link...
2026-01-04 03:15:36.565 [TestNG-tests-3] INFO  testCases.AccountRegistrationPage - Clicked on register Link..
2026-01-04 03:15:36.590 [TestNG-tests-3] INFO  testCases.AccountRegistrationPage - Providing Customer Details..
2026-01-04 03:15:44.843 [TestNG-tests-3] INFO  testCases.AccountRegistrationPage - Validating expected message...
2026-01-04 03:15:45.304 [TestNG-tests-3] INFO  testCases.AccountRegistrationPage - ****** Finished TC01_AccountRegistrationTest******
2026-01-04 21:12:05.351 [main] INFO  testCases.AccountRegistrationPage - Click on MyAccount Link...
2026-01-04 21:12:06.163 [main] INFO  testCases.AccountRegistrationPage - Clicked on register Link..
2026-01-04 21:12:06.167 [main] INFO  testCases.AccountRegistrationPage - Providing Customer Details..
2026-01-04 21:12:09.242 [main] INFO  testCases.AccountRegistrationPage - Validating expected message...
2026-01-04 21:12:09.406 [main] INFO  testCases.AccountRegistrationPage - ****** Finished TC01_AccountRegistrationTest******
2026-01-04 21:15:55.018 [main] INFO  testCases.AccountRegistrationPage - Click on MyAccount Link...
2026-01-04 21:15:56.419 [main] INFO  testCases.AccountRegistrationPage - Clicked on register Link..
2026-01-04 21:15:56.426 [main] INFO  testCases.AccountRegistrationPage - Providing Customer Details..
2026-01-04 21:15:59.401 [main] INFO  testCases.AccountRegistrationPage - Validating expected message...
2026-01-04 21:15:59.566 [main] INFO  testCases.AccountRegistrationPage - ****** Finished TC01_AccountRegistrationTest******
2026-01-04 23:47:47.136 [main] INFO  testCases.AccountRegistrationPage - Click on MyAccount Link...
2026-01-04 23:47:47.933 [main] INFO  testCases.AccountRegistrationPage - Clicked on register Link..
2026-01-04 23:47:47.945 [main] INFO  testCases.AccountRegistrationPage - Providing Customer Details..
2026-01-04 23:47:50.973 [main] INFO  testCases.AccountRegistrationPage - Validating expected message...
2026-01-04 23:47:51.037 [main] INFO  testCases.AccountRegistrationPage - ****** Finished TC01_AccountRegistrationTest******
